2024-01-21 23:39:23.478 [main] INFO  com.solvd.bankapp.Main - daaa sdfsdf!
2024-01-21 23:39:23.483 [main] INFO  com.solvd.bankapp.Main - Enter the choices: 
2024-01-21 23:39:23.484 [main] INFO  com.solvd.bankapp.Main - 1.Register
2024-01-21 23:39:23.484 [main] INFO  com.solvd.bankapp.Main - 2.Login
2024-01-21 23:39:23.485 [main] INFO  com.solvd.bankapp.Main - 3.Deposit to ATM
2024-01-21 23:39:23.485 [main] INFO  com.solvd.bankapp.Main - 4.Withdrawal from ATM
2024-01-21 23:39:23.485 [main] INFO  com.solvd.bankapp.Main - 5.Exit
2024-01-21 23:39:25.529 [main] INFO  com.solvd.bankapp.service.NewCustomer - New Customer details
2024-01-21 23:39:25.533 [main] INFO  com.solvd.bankapp.util.NewAccount - Deposit minimum balance of 100$
2024-01-21 23:39:27.304 [main] INFO  com.solvd.bankapp.util.NewAccount - Account Created
2024-01-21 23:39:27.317 [main] INFO  com.solvd.bankapp.util.NewAccount - Enter NetBanking Password
2024-01-21 23:39:27.983 [main] INFO  com.solvd.bankapp.util.NewAccount - Retype the Password
2024-01-21 23:39:28.669 [main] INFO  com.solvd.bankapp.util.NewAccount - 4567
2024-01-21 23:39:28.673 [main] INFO  com.solvd.bankapp.Main - successfully Created
2024-01-21 23:39:28.696 [main] INFO  com.solvd.bankapp.Main - Customer{ssn=1234567, firstName='Anandhi', lastName='Jayapal', email='anandhirmk@gmail.com', phoneNumber='9999999999'}
2024-01-21 23:39:28.714 [main] INFO  com.solvd.bankapp.Main - LoginCredential{username='Anandhi_1234567', password='11', activeStatus=true, pin=4567, ssn=1234567}
2024-01-21 23:39:28.730 [main] INFO  com.solvd.bankapp.Main - Account{accountNumber=1122334455, totalBalance=111, userName='Anandhi_1234567'}
2024-01-21 23:39:28.746 [main] INFO  com.solvd.bankapp.Main - [Transaction{transactionId=12345, amount=111, transactionStatus='success', accountNumber=1122334455}]
2024-01-21 23:39:28.746 [main] INFO  com.solvd.bankapp.Main - daaa sdfsdf!
2024-01-21 23:39:28.746 [main] INFO  com.solvd.bankapp.Main - Enter the choices: 
2024-01-21 23:39:28.746 [main] INFO  com.solvd.bankapp.Main - 1.Register
2024-01-21 23:39:28.747 [main] INFO  com.solvd.bankapp.Main - 2.Login
2024-01-21 23:39:28.747 [main] INFO  com.solvd.bankapp.Main - 3.Deposit to ATM
2024-01-21 23:39:28.747 [main] INFO  com.solvd.bankapp.Main - 4.Withdrawal from ATM
2024-01-21 23:39:28.747 [main] INFO  com.solvd.bankapp.Main - 5.Exit
2024-01-21 23:39:31.349 [main] INFO  com.solvd.bankapp.service.DashBoard - Enter user Name
2024-01-21 23:39:33.729 [main] INFO  com.solvd.bankapp.service.DashBoard - Login Details Error
2024-01-21 23:39:33.730 [main] INFO  com.solvd.bankapp.service.DashBoard - Error with the LoginDetails
2024-01-21 23:39:33.730 [main] INFO  com.solvd.bankapp.Main - daaa sdfsdf!
2024-01-21 23:39:33.730 [main] INFO  com.solvd.bankapp.Main - Enter the choices: 
2024-01-21 23:39:33.730 [main] INFO  com.solvd.bankapp.Main - 1.Register
2024-01-21 23:39:33.731 [main] INFO  com.solvd.bankapp.Main - 2.Login
2024-01-21 23:39:33.731 [main] INFO  com.solvd.bankapp.Main - 3.Deposit to ATM
2024-01-21 23:39:33.731 [main] INFO  com.solvd.bankapp.Main - 4.Withdrawal from ATM
2024-01-21 23:39:33.731 [main] INFO  com.solvd.bankapp.Main - 5.Exit
